0 info it worked if it ends with ok
1 verbose cli [ '/Users/javedbartlett/.nvm/versions/node/v6.13.0/bin/node',
1 verbose cli   '/Users/javedbartlett/.nvm/versions/node/v6.13.0/bin/npm',
1 verbose cli   'run',
1 verbose cli   'start-dev' ]
2 info using npm@3.10.10
3 info using node@v6.13.0
4 verbose run-script [ 'prestart-dev', 'start-dev', 'poststart-dev' ]
5 info lifecycle dota@1.0.0~prestart-dev: dota@1.0.0
6 silly lifecycle dota@1.0.0~prestart-dev: no script for prestart-dev, continuing
7 info lifecycle dota@1.0.0~start-dev: dota@1.0.0
8 verbose lifecycle dota@1.0.0~start-dev: unsafe-perm in lifecycle true
9 verbose lifecycle dota@1.0.0~start-dev: PATH: /Users/javedbartlett/.nvm/versions/node/v6.13.0/lib/node_modules/npm/bin/node-gyp-bin:/Users/javedbartlett/Desktop/dotaWatcher/node_modules/.bin:/Users/javedbartlett/.nvm/versions/node/v6.13.0/bin:/usr/local/bin:/usr/bin:/bin:/usr/sbin:/sbin:/Users/javedbartlett/.nvm/versions/node/v6.13.0/bin
10 verbose lifecycle dota@1.0.0~start-dev: CWD: /Users/javedbartlett/Desktop/dotaWatcher
11 silly lifecycle dota@1.0.0~start-dev: Args: [ '-c', 'nodemon ./server/index.js' ]
12 silly lifecycle dota@1.0.0~start-dev: Returned: code: 1  signal: null
13 info lifecycle dota@1.0.0~start-dev: Failed to exec start-dev script
14 verbose stack Error: dota@1.0.0 start-dev: `nodemon ./server/index.js`
14 verbose stack Exit status 1
14 verbose stack     at EventEmitter.<anonymous> (/Users/javedbartlett/.nvm/versions/node/v6.13.0/lib/node_modules/npm/lib/utils/lifecycle.js:255:16)
14 verbose stack     at emitTwo (events.js:106:13)
14 verbose stack     at EventEmitter.emit (events.js:191:7)
14 verbose stack     at ChildProcess.<anonymous> (/Users/javedbartlett/.nvm/versions/node/v6.13.0/lib/node_modules/npm/lib/utils/spawn.js:40:14)
14 verbose stack     at emitTwo (events.js:106:13)
14 verbose stack     at ChildProcess.emit (events.js:191:7)
14 verbose stack     at maybeClose (internal/child_process.js:920:16)
14 verbose stack     at Process.ChildProcess._handle.onexit (internal/child_process.js:230:5)
15 verbose pkgid dota@1.0.0
16 verbose cwd /Users/javedbartlett/Desktop/dotaWatcher
17 error Darwin 19.0.0
18 error argv "/Users/javedbartlett/.nvm/versions/node/v6.13.0/bin/node" "/Users/javedbartlett/.nvm/versions/node/v6.13.0/bin/npm" "run" "start-dev"
19 error node v6.13.0
20 error npm  v3.10.10
21 error code ELIFECYCLE
22 error dota@1.0.0 start-dev: `nodemon ./server/index.js`
22 error Exit status 1
23 error Failed at the dota@1.0.0 start-dev script 'nodemon ./server/index.js'.
23 error Make sure you have the latest version of node.js and npm installed.
23 error If you do, this is most likely a problem with the dota package,
23 error not with npm itself.
23 error Tell the author that this fails on your system:
23 error     nodemon ./server/index.js
23 error You can get information on how to open an issue for this project with:
23 error     npm bugs dota
23 error Or if that isn't available, you can get their info via:
23 error     npm owner ls dota
23 error There is likely additional logging output above.
24 verbose exit [ 1, true ]
